Arguments: 
  /usr/bin/node /usr/share/yarn/bin/yarn.js install

PATH: 
  /home/neko/.rbenv/shims:/home/neko/.rbenv/bin:/home/neko/.rbenv/plugins/ruby-build/bin:/home/neko/.rbenv/shims:/home/neko/.rbenv/bin:/usr/local/sbin:/usr/local/bin:/usr/sbin:/usr/bin:/sbin:/bin:/usr/games:/usr/local/games:/mnt/c/Program Files/WindowsApps/CanonicalGroupLimited.UbuntuonWindows_1804.2018.817.0_x64__79rhkp1fndgsc:/mnt/c/Python37/Scripts:/mnt/c/Python37:/mnt/c/ProgramData/Oracle/Java/javapath_target_11787078:/mnt/c/Program Files (x86)/Intel/iCLS Client:/mnt/c/Program Files/Intel/iCLS Client:/mnt/c/Windows/System32:/mnt/c/Windows:/mnt/c/Windows/System32/wbem:/mnt/c/Windows/System32/WindowsPowerShell/v1.0:/mnt/c/Program Files (x86)/Intel/Intel(R) Management Engine Components/DAL:/mnt/c/Program Files/Intel/Intel(R) Management Engine Components/DAL:/mnt/c/Program Files (x86)/Intel/Intel(R) Management Engine Components/IPT:/mnt/c/Program Files/Intel/Intel(R) Management Engine Components/IPT:/mnt/c/Program Files (x86)/NVIDIA Corporation/PhysX/Common:/mnt/c/Program Files/Intel/IntelSGXPSW/bin/x64/Release:/mnt/c/Program Files/Intel/IntelSGXPSW/bin/win32/Release:/mnt/c/Windows/System32:/mnt/c/Windows:/mnt/c/Windows/System32/wbem:/mnt/c/Windows/System32/WindowsPowerShell/v1.0:/mnt/c/Program Files/Java/jdk1.8.0_121/bin:/mnt/c/Program Files (x86)/QuickTime/QTSystem:/mnt/c/Program Files (x86)/GtkSharp/2.12/bin:/mnt/d/Microsoft VS Code/bin:/mnt/c/Program Files/Git/cmd:/mnt/c/Windows/System32/WindowsPowerShell/v1.0:/mnt/c/Windows/System32/OpenSSH:/mnt/c/Program Files/Intel/WiFi/bin:/mnt/c/Program Files/Common Files/Intel/WirelessCommon:/mnt/c/Program Files/nodejs:/mnt/c/Users/HP/AppData/Local/atom/bin:/mnt/c/Users/HP/AppData/Local/GitHubDesktop/bin:/mnt/c/Users/HP/AppData/Local/Microsoft/WindowsApps:/mnt/c/Users/HP/AppData/Roaming/npm:/mnt/c/Program Files/heroku/bin:/snap/bin

Yarn version: 
  1.16.0

Node version: 
  8.16.0

Platform: 
  linux x64

Trace: 
  Error: EACCES: permission denied, scandir '/home/neko/.config/yarn/link'

npm manifest: 
  {
    "name": "somsri-Payroll",
    "version": "0.0.1",
    "dependencies": {
      "bower": "^1.7.9",
      "phantomjs": "^2.1.7"
    },
    "scripts": {
      "postinstall": "./node_modules/bower/bin/bower install"
    }
  }

yarn manifest: 
  No manifest

Lockfile: 
  No lockfile
